Found 0 MITRE CVE JSON files.

Validation complete. No mismatches found.
MITRE CVE import complete.

=== Running /scripts/update_mitre.py ===
[DEBUG] About to run: ['/usr/local/bin/python', '/scripts/update_mitre.py']
[DEBUG] Current working dir: /scripts

=== Finished /scripts/update_mitre.py with exit code 0 ===
Found 0 MITRE CVE JSON files.

Validation complete. No mismatches found.
MITRE CVE import complete.

=== Running /scripts/update_mitre.py ===
[DEBUG] About to run: ['/usr/local/bin/python', '/scripts/update_mitre.py']
[DEBUG] Current working dir: /scripts

=== Finished /scripts/update_mitre.py with exit code 0 ===
Found 0 MITRE CVE JSON files.

Validation complete. No mismatches found.
MITRE CVE import complete.

=== Running /scripts/update_mitre.py ===
[DEBUG] About to run: ['/usr/local/bin/python', '/scripts/update_mitre.py']
[DEBUG] Current working dir: /scripts

=== Finished /scripts/update_mitre.py with exit code 0 ===
MITRE cvelistV5 repo found and is a git repo, pulling latest updates...
From https://github.com/CVEProject/cvelistV5
   c25226f602d..c2f5e777130  main                 -> origin/main
 * [new tag]                 cve_2025-05-06_2200Z -> cve_2025-05-06_2200Z
Updating c25226f602d..c2f5e777130
Fast-forward
 cves/2025/27xxx/CVE-2025-27363.json |  7 +++++--
 cves/delta.json                     | 14 +++++++-------
 cves/deltaLog.json                  | 28 ++++++++++++++--------------
 3 files changed, 26 insertions(+), 23 deletions(-)
Found 292770 MITRE CVE JSON files.
Upserted 1000 records...
Upserted 2000 records...
Upserted 3000 records...
Upserted 4000 records...
Upserted 5000 records...
Upserted 6000 records...
Upserted 7000 records...
Upserted 8000 records...
Upserted 9000 records...
Upserted 10000 records...
Upserted 11000 records...
Upserted 12000 records...
Upserted 13000 records...
Upserted 14000 records...
Upserted 15000 records...
Upserted 16000 records...
Upserted 17000 records...
Upserted 18000 records...
Upserted 19000 records...
Upserted 20000 records...
Upserted 21000 records...
Upserted 22000 records...
Upserted 23000 records...
Upserted 24000 records...
Upserted 25000 records...
Upserted 26000 records...
Upserted 27000 records...
Upserted 28000 records...
Upserted 29000 records...
Upserted 30000 records...
Upserted 31000 records...
Upserted 32000 records...
Upserted 33000 records...
Upserted 34000 records...
Upserted 35000 records...
Upserted 36000 records...
Upserted 37000 records...
Upserted 38000 records...
Upserted 39000 records...
Upserted 40000 records...
Upserted 41000 records...
Upserted 42000 records...
Upserted 43000 records...
Upserted 44000 records...
Upserted 45000 records...
Upserted 46000 records...
Upserted 47000 records...
Upserted 48000 records...
Upserted 49000 records...
Upserted 50000 records...
Upserted 51000 records...
Upserted 52000 records...
Upserted 53000 records...
Upserted 54000 records...
Upserted 55000 records...
Upserted 56000 records...
Upserted 57000 records...
Upserted 58000 records...
Upserted 59000 records...
Upserted 60000 records...
Upserted 61000 records...
Upserted 62000 records...
Upserted 63000 records...
Upserted 64000 records...
Upserted 65000 records...
Upserted 66000 records...
Upserted 67000 records...
Upserted 68000 records...
Upserted 69000 records...
Upserted 70000 records...
Upserted 71000 records...
Upserted 72000 records...
Upserted 73000 records...
Upserted 74000 records...
Upserted 75000 records...
Upserted 76000 records...
Upserted 77000 records...
Upserted 78000 records...
Upserted 79000 records...
Upserted 80000 records...
Upserted 81000 records...
Upserted 82000 records...
Upserted 83000 records...
Upserted 84000 records...
Upserted 85000 records...
Upserted 86000 records...
Upserted 87000 records...
Upserted 88000 records...
Upserted 89000 records...
Upserted 90000 records...
Upserted 91000 records...
Upserted 92000 records...
Upserted 93000 records...
Upserted 94000 records...
Upserted 95000 records...
Upserted 96000 records...
Upserted 97000 records...
Upserted 98000 records...
Upserted 99000 records...
Upserted 100000 records...
Upserted 101000 records...
Upserted 102000 records...
Upserted 103000 records...
Upserted 104000 records...
Upserted 105000 records...
Upserted 106000 records...
Upserted 107000 records...
Upserted 108000 records...
Upserted 109000 records...
Upserted 110000 records...
Upserted 111000 records...
Upserted 112000 records...
Upserted 113000 records...
Upserted 114000 records...
Upserted 115000 records...
Upserted 116000 records...
Upserted 117000 records...
Upserted 118000 records...
Upserted 119000 records...
Upserted 120000 records...
Upserted 121000 records...
Upserted 122000 records...
Upserted 123000 records...
Upserted 124000 records...
Upserted 125000 records...
Upserted 126000 records...
Upserted 127000 records...
Upserted 128000 records...
Upserted 129000 records...
Upserted 130000 records...
Upserted 131000 records...
Upserted 132000 records...
Upserted 133000 records...
Upserted 134000 records...
Upserted 135000 records...
Upserted 136000 records...
Upserted 137000 records...
Upserted 138000 records...
Upserted 139000 records...
Upserted 140000 records...
Upserted 141000 records...
Upserted 142000 records...
Upserted 143000 records...
Upserted 144000 records...
Upserted 145000 records...
Upserted 146000 records...
Upserted 147000 records...
Upserted 148000 records...
Upserted 149000 records...
Upserted 150000 records...
Upserted 151000 records...
Upserted 152000 records...
Upserted 153000 records...
Upserted 154000 records...
Upserted 155000 records...
Upserted 156000 records...
Upserted 157000 records...
Upserted 158000 records...
Upserted 159000 records...
Upserted 160000 records...
Upserted 161000 records...
Upserted 162000 records...
Upserted 163000 records...
Upserted 164000 records...
Upserted 165000 records...
Upserted 166000 records...
Upserted 167000 records...
Upserted 168000 records...
Upserted 169000 records...
Upserted 170000 records...
Upserted 171000 records...
Upserted 172000 records...
Upserted 173000 records...
Upserted 174000 records...
Upserted 175000 records...
Upserted 176000 records...
Upserted 177000 records...
Upserted 178000 records...
Upserted 179000 records...
Upserted 180000 records...
Upserted 181000 records...
Upserted 182000 records...
Upserted 183000 records...
Upserted 184000 records...
Upserted 185000 records...
Upserted 186000 records...
Upserted 187000 records...
Upserted 188000 records...
Upserted 189000 records...
Upserted 190000 records...
Upserted 191000 records...
Upserted 192000 records...
Upserted 193000 records...
Upserted 194000 records...
Upserted 195000 records...
Upserted 196000 records...
Upserted 197000 records...
Upserted 198000 records...
Upserted 199000 records...
Upserted 200000 records...
Upserted 201000 records...
Upserted 202000 records...
Upserted 203000 records...
Upserted 204000 records...
Upserted 205000 records...
Upserted 206000 records...
Upserted 207000 records...
Upserted 208000 records...
Upserted 209000 records...
Upserted 210000 records...
Upserted 211000 records...
Upserted 212000 records...
Upserted 213000 records...
Upserted 214000 records...
Upserted 215000 records...
Upserted 216000 records...
Upserted 217000 records...
Upserted 218000 records...
Upserted 219000 records...
Upserted 220000 records...
Upserted 221000 records...
Upserted 222000 records...
Upserted 223000 records...
Upserted 224000 records...
Upserted 225000 records...
Upserted 226000 records...
Upserted 227000 records...
Upserted 228000 records...
Upserted 229000 records...
Upserted 230000 records...
Upserted 231000 records...
Upserted 232000 records...
Upserted 233000 records...
Upserted 234000 records...
Upserted 235000 records...
Upserted 236000 records...
Upserted 237000 records...
Upserted 238000 records...
Upserted 239000 records...
Upserted 240000 records...
Upserted 241000 records...
Upserted 242000 records...
Upserted 243000 records...
Upserted 244000 records...
Upserted 245000 records...
Upserted 246000 records...
Upserted 247000 records...
Upserted 248000 records...
Upserted 249000 records...
Upserted 250000 records...
Upserted 251000 records...
Upserted 252000 records...
Upserted 253000 records...
Upserted 254000 records...
Upserted 255000 records...
Upserted 256000 records...
Upserted 257000 records...
Upserted 258000 records...
Upserted 259000 records...
Upserted 260000 records...
Upserted 261000 records...
Upserted 262000 records...
Upserted 263000 records...
Upserted 264000 records...
Upserted 265000 records...
Upserted 266000 records...
Upserted 267000 records...
Upserted 268000 records...
Upserted 269000 records...
Upserted 270000 records...
Upserted 271000 records...
Upserted 272000 records...
Upserted 273000 records...
Upserted 274000 records...
Upserted 275000 records...
Upserted 276000 records...
Upserted 277000 records...
Upserted 278000 records...
Upserted 279000 records...
Upserted 280000 records...
Upserted 281000 records...
Upserted 282000 records...
Upserted 283000 records...
Upserted 284000 records...
Upserted 285000 records...
Upserted 286000 records...
Upserted 287000 records...
Upserted 288000 records...
Upserted 289000 records...
Upserted 290000 records...
Upserted 291000 records...
Upserted 292000 records...

Validation complete. No mismatches found.
MITRE CVE import complete.

=== Running /scripts/update_mitre.py ===
[DEBUG] About to run: ['/usr/local/bin/python', '/scripts/update_mitre.py']
[DEBUG] Current working dir: /scripts

=== Finished /scripts/update_mitre.py with exit code 0 ===
MITRE cvelistV5 repo found and is a git repo, pulling latest updates...
From https://github.com/CVEProject/cvelistV5
   c2f5e777130..b355d35845e  main                 -> origin/main
 * [new tag]                 2025-05-07_baseline  -> 2025-05-07_baseline
 * [new tag]                 cve_2025-05-06_at_end_of_day -> cve_2025-05-06_at_end_of_day
 * [new tag]                 cve_2025-05-07_0000Z -> cve_2025-05-07_0000Z
 * [new tag]                 cve_2025-05-06_2300Z -> cve_2025-05-06_2300Z
error: unable to unlink old 'cves/2024/12xxx/CVE-2024-12083.json': Read-only file system
error: unable to create file cves/2025/0xxx/CVE-2025-0855.json: Read-only file system
error: unable to create file cves/2025/0xxx/CVE-2025-0856.json: Read-only file system
error: unable to unlink old 'cves/2025/27xxx/CVE-2025-27363.json': Read-only file system
error: unable to unlink old 'cves/delta.json': Read-only file system
error: unable to unlink old 'cves/deltaLog.json': Read-only file system
Updating c2f5e777130..b355d35845e
Traceback (most recent call last):
  File "/scripts/update_mitre.py", line 289, in <module>
    main()
  File "/scripts/update_mitre.py", line 200, in main
    subprocess.run([
  File "/usr/local/lib/python3.11/subprocess.py", line 571, in run
    raise CalledProcessError(retcode, process.args,
subprocess.CalledProcessError: Command '['git', '-C', '/scripts/mitre-cvelistV5', 'pull']' returned non-zero exit status 1.

=== Running /scripts/update_mitre.py ===
[DEBUG] About to run: ['/usr/local/bin/python', '/scripts/update_mitre.py']
[DEBUG] Current working dir: /scripts

=== Finished /scripts/update_mitre.py with exit code 1 ===
