Downloading KEV JSON from https://www.cisa.gov/sites/default/files/feeds/known_exploited_vulnerabilities.json ...
Importing 1333 vulnerabilities into PostgreSQL...
KEV import complete.

=== Running /scripts/update_kev.py ===
[DEBUG] About to run: ['/usr/local/bin/python', '/scripts/update_kev.py']
[DEBUG] Current working dir: /scripts

=== Finished /scripts/update_kev.py with exit code 0 ===
Downloading KEV JSON from https://www.cisa.gov/sites/default/files/feeds/known_exploited_vulnerabilities.json ...
Downloading KEV JSON from https://www.cisa.gov/sites/default/files/feeds/known_exploited_vulnerabilities.json ...
Importing 1333 vulnerabilities into PostgreSQL with upsert...
Importing 1333 vulnerabilities into PostgreSQL with upsert...
KEV upsert complete.
Traceback (most recent call last):
  File "/scripts/update_kev.py", line 94, in <module>
    main()
  File "/scripts/update_kev.py", line 91, in main
    import_to_postgres(vulns)
  File "/scripts/update_kev.py", line 64, in import_to_postgres
    cur.execute(CREATE_TABLE_SQL)
psycopg2.errors.UniqueViolation: duplicate key value violates unique constraint "pg_class_relname_nsp_index"
DETAIL:  Key (relname, relnamespace)=(kevcatalog_id_seq, 2200) already exists.


=== Running /scripts/update_kev.py ===
[DEBUG] About to run: ['/usr/local/bin/python', '/scripts/update_kev.py']
[DEBUG] Current working dir: /scripts

=== Finished /scripts/update_kev.py with exit code 0 ===

=== Running /scripts/update_kev.py ===
[DEBUG] About to run: ['/usr/local/bin/python', '/scripts/update_kev.py']
[DEBUG] Current working dir: /scripts

=== Finished /scripts/update_kev.py with exit code 1 ===
Downloading KEV JSON from https://www.cisa.gov/sites/default/files/feeds/known_exploited_vulnerabilities.json ...
Importing 1333 vulnerabilities into PostgreSQL with upsert...
KEV upsert complete.

=== Running /scripts/update_kev.py ===
[DEBUG] About to run: ['/usr/local/bin/python', '/scripts/update_kev.py']
[DEBUG] Current working dir: /scripts

=== Finished /scripts/update_kev.py with exit code 0 ===
Downloading KEV JSON from https://www.cisa.gov/sites/default/files/feeds/known_exploited_vulnerabilities.json ...
Importing 1333 vulnerabilities into PostgreSQL with upsert...
KEV upsert complete.

=== Running /scripts/update_kev.py ===
[DEBUG] About to run: ['/usr/local/bin/python', '/scripts/update_kev.py']
[DEBUG] Current working dir: /scripts

=== Finished /scripts/update_kev.py with exit code 0 ===
Downloading KEV JSON from https://www.cisa.gov/sites/default/files/feeds/known_exploited_vulnerabilities.json ...
Importing 1333 vulnerabilities into PostgreSQL with upsert...
KEV upsert complete.

=== Running /scripts/update_kev.py ===
[DEBUG] About to run: ['/usr/local/bin/python', '/scripts/update_kev.py']
[DEBUG] Current working dir: /scripts

=== Finished /scripts/update_kev.py with exit code 0 ===
Downloading KEV JSON from https://www.cisa.gov/sites/default/files/feeds/known_exploited_vulnerabilities.json ...
Importing 1333 vulnerabilities into PostgreSQL with upsert...
KEV upsert complete.

=== Running /scripts/update_kev.py ===
[DEBUG] About to run: ['/usr/local/bin/python', '/scripts/update_kev.py']
[DEBUG] Current working dir: /scripts

=== Finished /scripts/update_kev.py with exit code 0 ===
Downloading KEV JSON from https://www.cisa.gov/sites/default/files/feeds/known_exploited_vulnerabilities.json ...
Importing 1333 vulnerabilities into PostgreSQL with upsert...
KEV upsert complete.

=== Running /scripts/update_kev.py ===
[DEBUG] About to run: ['/usr/local/bin/python', '/scripts/update_kev.py']
[DEBUG] Current working dir: /scripts

=== Finished /scripts/update_kev.py with exit code 0 ===
Downloading KEV JSON from https://www.cisa.gov/sites/default/files/feeds/known_exploited_vulnerabilities.json ...
Importing 1333 vulnerabilities into PostgreSQL with upsert...
KEV upsert complete.

=== Running /scripts/update_kev.py ===
[DEBUG] About to run: ['/usr/local/bin/python', '/scripts/update_kev.py']
[DEBUG] Current working dir: /scripts

=== Finished /scripts/update_kev.py with exit code 0 ===
Downloading KEV JSON from https://www.cisa.gov/sites/default/files/feeds/known_exploited_vulnerabilities.json ...
Importing 1333 vulnerabilities into PostgreSQL with upsert...
KEV upsert complete.

=== Running /scripts/update_kev.py ===
[DEBUG] About to run: ['/usr/local/bin/python', '/scripts/update_kev.py']
[DEBUG] Current working dir: /scripts

=== Finished /scripts/update_kev.py with exit code 0 ===
Downloading KEV JSON from https://www.cisa.gov/sites/default/files/feeds/known_exploited_vulnerabilities.json ...
Importing 1333 vulnerabilities into PostgreSQL with upsert...
KEV upsert complete.

=== Running /scripts/update_kev.py ===
[DEBUG] About to run: ['/usr/local/bin/python', '/scripts/update_kev.py']
[DEBUG] Current working dir: /scripts

=== Finished /scripts/update_kev.py with exit code 0 ===
Downloading KEV JSON from https://www.cisa.gov/sites/default/files/feeds/known_exploited_vulnerabilities.json ...
Importing 1333 vulnerabilities into PostgreSQL with upsert...
KEV upsert complete.

=== Running /scripts/update_kev.py ===
[DEBUG] About to run: ['/usr/local/bin/python', '/scripts/update_kev.py']
[DEBUG] Current working dir: /scripts

=== Finished /scripts/update_kev.py with exit code 0 ===
Downloading KEV JSON from https://www.cisa.gov/sites/default/files/feeds/known_exploited_vulnerabilities.json ...
Importing 1333 vulnerabilities into PostgreSQL with upsert...
KEV upsert complete.

=== Running /scripts/update_kev.py ===
[DEBUG] About to run: ['/usr/local/bin/python', '/scripts/update_kev.py']
[DEBUG] Current working dir: /scripts

=== Finished /scripts/update_kev.py with exit code 0 ===
Downloading KEV JSON from https://www.cisa.gov/sites/default/files/feeds/known_exploited_vulnerabilities.json ...
Importing 1333 vulnerabilities into PostgreSQL with upsert...
KEV upsert complete.

=== Running /scripts/update_kev.py ===
[DEBUG] About to run: ['/usr/local/bin/python', '/scripts/update_kev.py']
[DEBUG] Current working dir: /scripts

=== Finished /scripts/update_kev.py with exit code 0 ===
Downloading KEV JSON from https://www.cisa.gov/sites/default/files/feeds/known_exploited_vulnerabilities.json ...
Importing 1333 vulnerabilities into PostgreSQL with upsert...
KEV upsert complete.

=== Running /scripts/update_kev.py ===
[DEBUG] About to run: ['/usr/local/bin/python', '/scripts/update_kev.py']
[DEBUG] Current working dir: /scripts

=== Finished /scripts/update_kev.py with exit code 0 ===
Downloading KEV JSON from https://www.cisa.gov/sites/default/files/feeds/known_exploited_vulnerabilities.json ...
Importing 1333 vulnerabilities into PostgreSQL with upsert...
KEV upsert complete.

=== Running /scripts/update_kev.py ===
[DEBUG] About to run: ['/usr/local/bin/python', '/scripts/update_kev.py']
[DEBUG] Current working dir: /scripts

=== Finished /scripts/update_kev.py with exit code 0 ===
Downloading KEV JSON from https://www.cisa.gov/sites/default/files/feeds/known_exploited_vulnerabilities.json ...
Importing 1333 vulnerabilities into PostgreSQL with upsert...
KEV upsert complete.

=== Running /scripts/update_kev.py ===
[DEBUG] About to run: ['/usr/local/bin/python', '/scripts/update_kev.py']
[DEBUG] Current working dir: /scripts

=== Finished /scripts/update_kev.py with exit code 0 ===
Downloading KEV JSON from https://www.cisa.gov/sites/default/files/feeds/known_exploited_vulnerabilities.json ...
Importing 1333 vulnerabilities into PostgreSQL with upsert...
KEV upsert complete.

=== Running /scripts/update_kev.py ===
[DEBUG] About to run: ['/usr/local/bin/python', '/scripts/update_kev.py']
[DEBUG] Current working dir: /scripts

=== Finished /scripts/update_kev.py with exit code 0 ===
Downloading KEV JSON from https://www.cisa.gov/sites/default/files/feeds/known_exploited_vulnerabilities.json ...
Importing 1333 vulnerabilities into PostgreSQL with upsert...
KEV upsert complete.

=== Running /scripts/update_kev.py ===
[DEBUG] About to run: ['/usr/local/bin/python', '/scripts/update_kev.py']
[DEBUG] Current working dir: /scripts

=== Finished /scripts/update_kev.py with exit code 0 ===
Downloading KEV JSON from https://www.cisa.gov/sites/default/files/feeds/known_exploited_vulnerabilities.json ...
Importing 1333 vulnerabilities into PostgreSQL with upsert...
KEV upsert complete.

=== Running /scripts/update_kev.py ===
[DEBUG] About to run: ['/usr/local/bin/python', '/scripts/update_kev.py']
[DEBUG] Current working dir: /scripts

=== Finished /scripts/update_kev.py with exit code 0 ===
Downloading KEV JSON from https://www.cisa.gov/sites/default/files/feeds/known_exploited_vulnerabilities.json ...
Importing 1333 vulnerabilities into PostgreSQL with upsert...
KEV upsert complete.

=== Running /scripts/update_kev.py ===
[DEBUG] About to run: ['/usr/local/bin/python', '/scripts/update_kev.py']
[DEBUG] Current working dir: /scripts

=== Finished /scripts/update_kev.py with exit code 0 ===
Downloading KEV JSON from https://www.cisa.gov/sites/default/files/feeds/known_exploited_vulnerabilities.json ...
Importing 1333 vulnerabilities into PostgreSQL with upsert...
Traceback (most recent call last):
  File "/scripts/update_kev.py", line 99, in <module>
    main()
  File "/scripts/update_kev.py", line 96, in main
    import_to_postgres(vulns)
  File "/scripts/update_kev.py", line 65, in import_to_postgres
    conn = psycopg2.connect(**PG_CONFIG)
           ^^^^^^^^^^^^^^^^^^^^^^^^^^^^^
  File "/usr/local/lib/python3.11/site-packages/psycopg2/__init__.py", line 122, in connect
    conn = _connect(dsn, connection_factory=connection_factory, **kwasync)
           ^^^^^^^^^^^^^^^^^^^^^^^^^^^^^^^^^^^^^^^^^^^^^^^^^^^^^^^^^^^^^^^
psycopg2.OperationalError: could not translate host name "db" to address: Temporary failure in name resolution


=== Running /scripts/update_kev.py ===
[DEBUG] About to run: ['/usr/local/bin/python', '/scripts/update_kev.py']
[DEBUG] Current working dir: /scripts

=== Finished /scripts/update_kev.py with exit code 1 ===
Downloading KEV JSON from https://www.cisa.gov/sites/default/files/feeds/known_exploited_vulnerabilities.json ...
Importing 1333 vulnerabilities into PostgreSQL with upsert...
KEV upsert complete.

=== Running /scripts/update_kev.py ===
[DEBUG] About to run: ['/usr/local/bin/python', '/scripts/update_kev.py']
[DEBUG] Current working dir: /scripts

=== Finished /scripts/update_kev.py with exit code 0 ===
